[+] Containers:
 |- [+] Container: /Game/Maps/ActualLevel
 |   |- [+] ActorDescs:
 |   |   |- Guid:0247AFDE4CCA5DF8E1AAFA9C54CEC9A4 BaseClass: NativeClass:/Script/Landscape.Landscape Name:Landscape_UAID_CC96E5084605642402_1334266115 Label:Landscape SpatiallyLoaded:0 Bounds:IsValid=true, Min=(X=-25200.000 Y=-25200.000 Z=100.000), Max=(X=-25200.000 Y=-25200.000 Z=100.000) RuntimeGrid:None EditorOnly:0 RuntimeOnly:0 HLODRelevant:0 ListedInSceneOutliner:1 IsMainWorldOnly:0
 |   |   |- Guid:072CDC804EC06A58C58EE0AF3BF7F296 BaseClass: NativeClass:/Script/Engine.SkyAtmosphere Name:SkyAtmosphere_UAID_CC96E5084605B42302_1533256136 Label:SkyAtmosphere SpatiallyLoaded:0 Bounds:IsValid=true, Min=(X=390.000 Y=-10.000 Z=190.000), Max=(X=390.000 Y=-10.000 Z=190.000) RuntimeGrid:None EditorOnly:0 RuntimeOnly:0 HLODRelevant:0 ListedInSceneOutliner:1 IsMainWorldOnly:0
 |   |   |- Guid:131739C846697F0209BEA2B10E5FF734 BaseClass: NativeClass:/Script/Landscape.LandscapeStreamingProxy Name:LandscapeStreamingProxy_1TGKAKYW63O2ZZ0LIRK2AK9VB_126_3_1_0 Label:LandscapeStreamingProxy_3_1_0 SpatiallyLoaded:1 Bounds:IsValid=true, Min=(X=12600.000 Y=-12600.000 Z=100.000), Max=(X=25200.000 Y=0.000 Z=1937.500) RuntimeGrid:None EditorOnly:0 RuntimeOnly:0 HLODRelevant:1 ListedInSceneOutliner:1 IsMainWorldOnly:0
 |   |   |- Guid:15B4A9364A8B8EDB1A3C36B2A40155F7 BaseClass: NativeClass:/Script/Engine.WorldDataLayers Name:WorldDataLayers Label:WorldDataLayers SpatiallyLoaded:0 Bounds:Invalid RuntimeGrid:None EditorOnly:0 RuntimeOnly:0 HLODRelevant:0 ListedInSceneOutliner:1 IsMainWorldOnly:1
 |   |   |- Guid:220672564610D6CC247635957409C0A4 BaseClass: NativeClass:/Script/Landscape.LandscapeStreamingProxy Name:LandscapeStreamingProxy_1TGKAKYW63O2ZZ0LIRK2AK9VB_126_0_3_0 Label:LandscapeStreamingProxy_0_3_0 SpatiallyLoaded:1 Bounds:IsValid=true, Min=(X=-25200.000 Y=12600.000 Z=100.000), Max=(X=-12600.000 Y=25200.000 Z=1739.844) RuntimeGrid:None EditorOnly:0 RuntimeOnly:0 HLODRelevant:1 ListedInSceneOutliner:1 IsMainWorldOnly:0
 |   |   |- Guid:27F2571B4EAAB5D53C54809FD01B46F3 BaseClass: NativeClass:/Script/Engine.LevelInstance Name:LevelInstance_UAID_CC96E5084605382602_1151208482 Label:DungeonInstance SpatiallyLoaded:1 Bounds:IsValid=true, Min=(X=-9130.000 Y=-12300.000 Z=-1052.386), Max=(X=3656.404 Y=-300.000 Z=4308.069) RuntimeGrid:None EditorOnly:0 RuntimeOnly:0 HLODRelevant:0 ListedInSceneOutliner:1 IsMainWorldOnly:0
 |   |   |- Guid:28512B0940FE8C0B2756F6A0C0B9247C BaseClass: NativeClass:/Script/Landscape.LandscapeStreamingProxy Name:LandscapeStreamingProxy_1TGKAKYW63O2ZZ0LIRK2AK9VB_126_1_0_0 Label:LandscapeStreamingProxy_1_0_0 SpatiallyLoaded:1 Bounds:IsValid=true, Min=(X=-12600.000 Y=-25200.000 Z=100.000), Max=(X=0.000 Y=-12600.000 Z=1922.656) RuntimeGrid:None EditorOnly:0 RuntimeOnly:0 HLODRelevant:1 ListedInSceneOutliner:1 IsMainWorldOnly:0
 |   |   |- Guid:28DE7A8E403409FDA977C4AFFCC12915 BaseClass: NativeClass:/Script/Engine.StaticMeshActor Name:StaticMeshActor_UAID_CC96E5084605362602_1124933128 Label:SM_Chair SpatiallyLoaded:1 Bounds:IsValid=true, Min=(X=-1.944 Y=-80.451 Z=120.000), Max=(X=80.212 Y=0.451 Z=235.351) RuntimeGrid:None EditorOnly:0 RuntimeOnly:0 HLODRelevant:1 ListedInSceneOutliner:1 IsMainWorldOnly:0
 |   |   |- Guid:2DB058C743288B7A6B832FA74A182810 BaseClass: NativeClass:/Script/Landscape.LandscapeStreamingProxy Name:LandscapeStreamingProxy_1TGKAKYW63O2ZZ0LIRK2AK9VB_126_1_2_0 Label:LandscapeStreamingProxy_1_2_0 SpatiallyLoaded:1 Bounds:IsValid=true, Min=(X=-12600.000 Y=0.000 Z=100.000), Max=(X=0.000 Y=12600.000 Z=516.406) RuntimeGrid:None EditorOnly:0 RuntimeOnly:0 HLODRelevant:1 ListedInSceneOutliner:1 IsMainWorldOnly:0
 |   |   |- Guid:34E3AB4949658BEE16B10EB4E51D9A5A BaseClass: NativeClass:/Script/Landscape.LandscapeStreamingProxy Name:LandscapeStreamingProxy_1TGKAKYW63O2ZZ0LIRK2AK9VB_126_3_0_0 Label:LandscapeStreamingProxy_3_0_0 SpatiallyLoaded:1 Bounds:IsValid=true, Min=(X=12600.000 Y=-25200.000 Z=100.000), Max=(X=25200.000 Y=-12600.000 Z=2538.281) RuntimeGrid:None EditorOnly:0 RuntimeOnly:0 HLODRelevant:1 ListedInSceneOutliner:1 IsMainWorldOnly:0
 |   |   |- Guid:40ECA88E41AE3527C133F5A3C30E2506 BaseClass: NativeClass:/Script/Engine.DirectionalLight Name:DirectionalLight_UAID_CC96E5084605562402_1806439647 Label:DirectionalLight SpatiallyLoaded:0 Bounds:Invalid RuntimeGrid:None EditorOnly:0 RuntimeOnly:0 HLODRelevant:0 ListedInSceneOutliner:1 IsMainWorldOnly:0
 |   |   |- Guid:63DAEEC045651C36A21E01B2A5FD5B29 BaseClass: NativeClass:/Script/Landscape.LandscapeStreamingProxy Name:LandscapeStreamingProxy_1TGKAKYW63O2ZZ0LIRK2AK9VB_126_2_0_0 Label:LandscapeStreamingProxy_2_0_0 SpatiallyLoaded:1 Bounds:IsValid=true, Min=(X=0.000 Y=-25200.000 Z=100.000), Max=(X=12600.000 Y=-12600.000 Z=1930.469) RuntimeGrid:None EditorOnly:0 RuntimeOnly:0 HLODRelevant:1 ListedInSceneOutliner:1 IsMainWorldOnly:0
 |   |   |- Guid:6DC148EB49DCE45F67147897843B45DC BaseClass: NativeClass:/Script/Landscape.LandscapeStreamingProxy Name:LandscapeStreamingProxy_1TGKAKYW63O2ZZ0LIRK2AK9VB_126_3_2_0 Label:LandscapeStreamingProxy_3_2_0 SpatiallyLoaded:1 Bounds:IsValid=true, Min=(X=12600.000 Y=0.000 Z=100.000), Max=(X=25200.000 Y=12600.000 Z=1850.781) RuntimeGrid:None EditorOnly:0 RuntimeOnly:0 HLODRelevant:1 ListedInSceneOutliner:1 IsMainWorldOnly:0
 |   |   |- Guid:74DADDE047F04539DA1593A66E708FC7 BaseClass: NativeClass:/Script/Landscape.LandscapeStreamingProxy Name:LandscapeStreamingProxy_1TGKAKYW63O2ZZ0LIRK2AK9VB_126_1_1_0 Label:LandscapeStreamingProxy_1_1_0 SpatiallyLoaded:1 Bounds:IsValid=true, Min=(X=-12600.000 Y=-12600.000 Z=100.000), Max=(X=0.000 Y=0.000 Z=581.250) RuntimeGrid:None EditorOnly:0 RuntimeOnly:0 HLODRelevant:1 ListedInSceneOutliner:1 IsMainWorldOnly:0
 |   |   |- Guid:8017BD414AF7A5BA30EEB9815088E703 BaseClass: NativeClass:/Script/Landscape.LandscapeStreamingProxy Name:LandscapeStreamingProxy_1TGKAKYW63O2ZZ0LIRK2AK9VB_126_0_1_0 Label:LandscapeStreamingProxy_0_1_0 SpatiallyLoaded:1 Bounds:IsValid=true, Min=(X=-25200.000 Y=-12600.000 Z=100.000), Max=(X=-12600.000 Y=0.000 Z=1355.469) RuntimeGrid:None EditorOnly:0 RuntimeOnly:0 HLODRelevant:1 ListedInSceneOutliner:1 IsMainWorldOnly:0
 |   |   |- Guid:808C675448654BF8A666AE99410CD603 BaseClass: NativeClass:/Script/Landscape.LandscapeStreamingProxy Name:LandscapeStreamingProxy_1TGKAKYW63O2ZZ0LIRK2AK9VB_126_2_3_0 Label:LandscapeStreamingProxy_2_3_0 SpatiallyLoaded:1 Bounds:IsValid=true, Min=(X=0.000 Y=12600.000 Z=100.781), Max=(X=12600.000 Y=25200.000 Z=1973.438) RuntimeGrid:None EditorOnly:0 RuntimeOnly:0 HLODRelevant:1 ListedInSceneOutliner:1 IsMainWorldOnly:0
 |   |   |- Guid:8A64CDD5431E5FC00F568FBED16C87EF BaseClass: NativeClass:/Script/Engine.ExponentialHeightFog Name:ExponentialHeightFog_UAID_CC96E50846055E2402_1872389057 Label:ExponentialHeightFog SpatiallyLoaded:0 Bounds:IsValid=true, Min=(X=471.501 Y=-10.329 Z=120.660), Max=(X=471.501 Y=-10.329 Z=120.660) RuntimeGrid:None EditorOnly:0 RuntimeOnly:0 HLODRelevant:0 ListedInSceneOutliner:1 IsMainWorldOnly:0
 |   |   |- Guid:9CBA57224A1052FB546AC1915C6E41B0 BaseClass: NativeClass:/Script/Engine.DirectionalLight Name:DirectionalLight_UAID_CC96E5084605562402_1810021648 Label:DirectionalLight2 SpatiallyLoaded:0 Bounds:Invalid RuntimeGrid:None EditorOnly:0 RuntimeOnly:0 HLODRelevant:0 ListedInSceneOutliner:1 IsMainWorldOnly:0
 |   |   |- Guid:ABEBED3E4ED9902011CBFE909933F0C2 BaseClass: NativeClass:/Script/Landscape.LandscapeStreamingProxy Name:LandscapeStreamingProxy_1TGKAKYW63O2ZZ0LIRK2AK9VB_126_2_2_0 Label:LandscapeStreamingProxy_2_2_0 SpatiallyLoaded:1 Bounds:IsValid=true, Min=(X=0.000 Y=0.000 Z=111.719), Max=(X=12600.000 Y=12600.000 Z=874.219) RuntimeGrid:None EditorOnly:0 RuntimeOnly:0 HLODRelevant:1 ListedInSceneOutliner:1 IsMainWorldOnly:0
 |   |   |- Guid:C1CC9CD9431BDAC5CE8A06A0303DB763 BaseClass: NativeClass:/Script/Engine.SkeletalMeshActor Name:SkeletalMeshActor_UAID_CC96E5084605362602_1097011127 Label:PA_Soldier_4 SpatiallyLoaded:1 Bounds:IsValid=true, Min=(X=192.043 Y=-58.541 Z=118.570), Max=(X=307.967 Y=-9.691 Z=301.264) RuntimeGrid:None EditorOnly:0 RuntimeOnly:0 HLODRelevant:0 ListedInSceneOutliner:1 IsMainWorldOnly:0
 |   |   |- Guid:C8CCC0CB4B747D4690E61998B3781699 BaseClass: NativeClass:/Script/Landscape.LandscapeStreamingProxy Name:LandscapeStreamingProxy_1TGKAKYW63O2ZZ0LIRK2AK9VB_126_2_1_0 Label:LandscapeStreamingProxy_2_1_0 SpatiallyLoaded:1 Bounds:IsValid=true, Min=(X=0.000 Y=-12600.000 Z=100.000), Max=(X=12600.000 Y=0.000 Z=897.656) RuntimeGrid:None EditorOnly:0 RuntimeOnly:0 HLODRelevant:1 ListedInSceneOutliner:1 IsMainWorldOnly:0
 |   |   |- Guid:D64AF45E4BE4096AE53DA8A4B672E8D6 BaseClass: NativeClass:/Script/Landscape.LandscapeStreamingProxy Name:LandscapeStreamingProxy_1TGKAKYW63O2ZZ0LIRK2AK9VB_126_1_3_0 Label:LandscapeStreamingProxy_1_3_0 SpatiallyLoaded:1 Bounds:IsValid=true, Min=(X=-12600.000 Y=12600.000 Z=100.781), Max=(X=0.000 Y=25200.000 Z=2321.094) RuntimeGrid:None EditorOnly:0 RuntimeOnly:0 HLODRelevant:1 ListedInSceneOutliner:1 IsMainWorldOnly:0
 |   |   |- Guid:F065F2F04C4001FCF6CE9883382F0BA9 BaseClass: NativeClass:/Script/Landscape.LandscapeStreamingProxy Name:LandscapeStreamingProxy_1TGKAKYW63O2ZZ0LIRK2AK9VB_126_0_2_0 Label:LandscapeStreamingProxy_0_2_0 SpatiallyLoaded:1 Bounds:IsValid=true, Min=(X=-25200.000 Y=0.000 Z=100.000), Max=(X=-12600.000 Y=12600.000 Z=1253.906) RuntimeGrid:None EditorOnly:0 RuntimeOnly:0 HLODRelevant:1 ListedInSceneOutliner:1 IsMainWorldOnly:0
 |   |   |- Guid:F75825B64EF9D8924D8EE5AA8522C223 BaseClass: NativeClass:/Script/Landscape.LandscapeStreamingProxy Name:LandscapeStreamingProxy_1TGKAKYW63O2ZZ0LIRK2AK9VB_126_0_0_0 Label:LandscapeStreamingProxy_0_0_0 SpatiallyLoaded:1 Bounds:IsValid=true, Min=(X=-25200.000 Y=-25200.000 Z=100.000), Max=(X=-12600.000 Y=-12600.000 Z=2602.344) RuntimeGrid:None EditorOnly:0 RuntimeOnly:0 HLODRelevant:1 ListedInSceneOutliner:1 IsMainWorldOnly:0
 |   |   |- Guid:F76DB1284CD268127A050FBAA68382DF BaseClass: NativeClass:/Script/Landscape.LandscapeStreamingProxy Name:LandscapeStreamingProxy_1TGKAKYW63O2ZZ0LIRK2AK9VB_126_3_3_0 Label:LandscapeStreamingProxy_3_3_0 SpatiallyLoaded:1 Bounds:IsValid=true, Min=(X=12600.000 Y=12600.000 Z=100.781), Max=(X=25200.000 Y=25200.000 Z=2507.031) RuntimeGrid:None EditorOnly:0 RuntimeOnly:0 HLODRelevant:1 ListedInSceneOutliner:1 IsMainWorldOnly:0
 |   |- [+] Clusters:
 |   |   |- [+] [  0]
 |   |   |   |- Guid:0247AFDE4CCA5DF8E1AAFA9C54CEC9A4 BaseClass: NativeClass:/Script/Landscape.Landscape Name:Landscape_UAID_CC96E5084605642402_1334266115 Label:Landscape SpatiallyLoaded:0 Bounds:IsValid=true, Min=(X=-25200.000 Y=-25200.000 Z=100.000), Max=(X=-25200.000 Y=-25200.000 Z=100.000) RuntimeGrid:None EditorOnly:0 RuntimeOnly:0 HLODRelevant:0 ListedInSceneOutliner:1 IsMainWorldOnly:0
 |   |   |- [+] [  1]
 |   |   |   |- Guid:072CDC804EC06A58C58EE0AF3BF7F296 BaseClass: NativeClass:/Script/Engine.SkyAtmosphere Name:SkyAtmosphere_UAID_CC96E5084605B42302_1533256136 Label:SkyAtmosphere SpatiallyLoaded:0 Bounds:IsValid=true, Min=(X=390.000 Y=-10.000 Z=190.000), Max=(X=390.000 Y=-10.000 Z=190.000) RuntimeGrid:None EditorOnly:0 RuntimeOnly:0 HLODRelevant:0 ListedInSceneOutliner:1 IsMainWorldOnly:0
 |   |   |- [+] [  2]
 |   |   |   |- Guid:131739C846697F0209BEA2B10E5FF734 BaseClass: NativeClass:/Script/Landscape.LandscapeStreamingProxy Name:LandscapeStreamingProxy_1TGKAKYW63O2ZZ0LIRK2AK9VB_126_3_1_0 Label:LandscapeStreamingProxy_3_1_0 SpatiallyLoaded:1 Bounds:IsValid=true, Min=(X=12600.000 Y=-12600.000 Z=100.000), Max=(X=25200.000 Y=0.000 Z=1937.500) RuntimeGrid:None EditorOnly:0 RuntimeOnly:0 HLODRelevant:1 ListedInSceneOutliner:1 IsMainWorldOnly:0
 |   |   |- [+] [  3]
 |   |   |   |- Guid:15B4A9364A8B8EDB1A3C36B2A40155F7 BaseClass: NativeClass:/Script/Engine.WorldDataLayers Name:WorldDataLayers Label:WorldDataLayers SpatiallyLoaded:0 Bounds:Invalid RuntimeGrid:None EditorOnly:0 RuntimeOnly:0 HLODRelevant:0 ListedInSceneOutliner:1 IsMainWorldOnly:1
 |   |   |- [+] [  4]
 |   |   |   |- Guid:220672564610D6CC247635957409C0A4 BaseClass: NativeClass:/Script/Landscape.LandscapeStreamingProxy Name:LandscapeStreamingProxy_1TGKAKYW63O2ZZ0LIRK2AK9VB_126_0_3_0 Label:LandscapeStreamingProxy_0_3_0 SpatiallyLoaded:1 Bounds:IsValid=true, Min=(X=-25200.000 Y=12600.000 Z=100.000), Max=(X=-12600.000 Y=25200.000 Z=1739.844) RuntimeGrid:None EditorOnly:0 RuntimeOnly:0 HLODRelevant:1 ListedInSceneOutliner:1 IsMainWorldOnly:0
 |   |   |- [+] [  5]
 |   |   |   |- Guid:27F2571B4EAAB5D53C54809FD01B46F3 BaseClass: NativeClass:/Script/Engine.LevelInstance Name:LevelInstance_UAID_CC96E5084605382602_1151208482 Label:DungeonInstance SpatiallyLoaded:1 Bounds:IsValid=true, Min=(X=-9130.000 Y=-12300.000 Z=-1052.386), Max=(X=3656.404 Y=-300.000 Z=4308.069) RuntimeGrid:None EditorOnly:0 RuntimeOnly:0 HLODRelevant:0 ListedInSceneOutliner:1 IsMainWorldOnly:0
 |   |   |- [+] [  6]
 |   |   |   |- Guid:28512B0940FE8C0B2756F6A0C0B9247C BaseClass: NativeClass:/Script/Landscape.LandscapeStreamingProxy Name:LandscapeStreamingProxy_1TGKAKYW63O2ZZ0LIRK2AK9VB_126_1_0_0 Label:LandscapeStreamingProxy_1_0_0 SpatiallyLoaded:1 Bounds:IsValid=true, Min=(X=-12600.000 Y=-25200.000 Z=100.000), Max=(X=0.000 Y=-12600.000 Z=1922.656) RuntimeGrid:None EditorOnly:0 RuntimeOnly:0 HLODRelevant:1 ListedInSceneOutliner:1 IsMainWorldOnly:0
 |   |   |- [+] [  7]
 |   |   |   |- Guid:28DE7A8E403409FDA977C4AFFCC12915 BaseClass: NativeClass:/Script/Engine.StaticMeshActor Name:StaticMeshActor_UAID_CC96E5084605362602_1124933128 Label:SM_Chair SpatiallyLoaded:1 Bounds:IsValid=true, Min=(X=-1.944 Y=-80.451 Z=120.000), Max=(X=80.212 Y=0.451 Z=235.351) RuntimeGrid:None EditorOnly:0 RuntimeOnly:0 HLODRelevant:1 ListedInSceneOutliner:1 IsMainWorldOnly:0
 |   |   |- [+] [  8]
 |   |   |   |- Guid:2DB058C743288B7A6B832FA74A182810 BaseClass: NativeClass:/Script/Landscape.LandscapeStreamingProxy Name:LandscapeStreamingProxy_1TGKAKYW63O2ZZ0LIRK2AK9VB_126_1_2_0 Label:LandscapeStreamingProxy_1_2_0 SpatiallyLoaded:1 Bounds:IsValid=true, Min=(X=-12600.000 Y=0.000 Z=100.000), Max=(X=0.000 Y=12600.000 Z=516.406) RuntimeGrid:None EditorOnly:0 RuntimeOnly:0 HLODRelevant:1 ListedInSceneOutliner:1 IsMainWorldOnly:0
 |   |   |- [+] [  9]
 |   |   |   |- Guid:34E3AB4949658BEE16B10EB4E51D9A5A BaseClass: NativeClass:/Script/Landscape.LandscapeStreamingProxy Name:LandscapeStreamingProxy_1TGKAKYW63O2ZZ0LIRK2AK9VB_126_3_0_0 Label:LandscapeStreamingProxy_3_0_0 SpatiallyLoaded:1 Bounds:IsValid=true, Min=(X=12600.000 Y=-25200.000 Z=100.000), Max=(X=25200.000 Y=-12600.000 Z=2538.281) RuntimeGrid:None EditorOnly:0 RuntimeOnly:0 HLODRelevant:1 ListedInSceneOutliner:1 IsMainWorldOnly:0
 |   |   |- [+] [ 10]
 |   |   |   |- Guid:40ECA88E41AE3527C133F5A3C30E2506 BaseClass: NativeClass:/Script/Engine.DirectionalLight Name:DirectionalLight_UAID_CC96E5084605562402_1806439647 Label:DirectionalLight SpatiallyLoaded:0 Bounds:Invalid RuntimeGrid:None EditorOnly:0 RuntimeOnly:0 HLODRelevant:0 ListedInSceneOutliner:1 IsMainWorldOnly:0
 |   |   |- [+] [ 11]
 |   |   |   |- Guid:63DAEEC045651C36A21E01B2A5FD5B29 BaseClass: NativeClass:/Script/Landscape.LandscapeStreamingProxy Name:LandscapeStreamingProxy_1TGKAKYW63O2ZZ0LIRK2AK9VB_126_2_0_0 Label:LandscapeStreamingProxy_2_0_0 SpatiallyLoaded:1 Bounds:IsValid=true, Min=(X=0.000 Y=-25200.000 Z=100.000), Max=(X=12600.000 Y=-12600.000 Z=1930.469) RuntimeGrid:None EditorOnly:0 RuntimeOnly:0 HLODRelevant:1 ListedInSceneOutliner:1 IsMainWorldOnly:0
 |   |   |- [+] [ 12]
 |   |   |   |- Guid:6DC148EB49DCE45F67147897843B45DC BaseClass: NativeClass:/Script/Landscape.LandscapeStreamingProxy Name:LandscapeStreamingProxy_1TGKAKYW63O2ZZ0LIRK2AK9VB_126_3_2_0 Label:LandscapeStreamingProxy_3_2_0 SpatiallyLoaded:1 Bounds:IsValid=true, Min=(X=12600.000 Y=0.000 Z=100.000), Max=(X=25200.000 Y=12600.000 Z=1850.781) RuntimeGrid:None EditorOnly:0 RuntimeOnly:0 HLODRelevant:1 ListedInSceneOutliner:1 IsMainWorldOnly:0
 |   |   |- [+] [ 13]
 |   |   |   |- Guid:74DADDE047F04539DA1593A66E708FC7 BaseClass: NativeClass:/Script/Landscape.LandscapeStreamingProxy Name:LandscapeStreamingProxy_1TGKAKYW63O2ZZ0LIRK2AK9VB_126_1_1_0 Label:LandscapeStreamingProxy_1_1_0 SpatiallyLoaded:1 Bounds:IsValid=true, Min=(X=-12600.000 Y=-12600.000 Z=100.000), Max=(X=0.000 Y=0.000 Z=581.250) RuntimeGrid:None EditorOnly:0 RuntimeOnly:0 HLODRelevant:1 ListedInSceneOutliner:1 IsMainWorldOnly:0
 |   |   |- [+] [ 14]
 |   |   |   |- Guid:8017BD414AF7A5BA30EEB9815088E703 BaseClass: NativeClass:/Script/Landscape.LandscapeStreamingProxy Name:LandscapeStreamingProxy_1TGKAKYW63O2ZZ0LIRK2AK9VB_126_0_1_0 Label:LandscapeStreamingProxy_0_1_0 SpatiallyLoaded:1 Bounds:IsValid=true, Min=(X=-25200.000 Y=-12600.000 Z=100.000), Max=(X=-12600.000 Y=0.000 Z=1355.469) RuntimeGrid:None EditorOnly:0 RuntimeOnly:0 HLODRelevant:1 ListedInSceneOutliner:1 IsMainWorldOnly:0
 |   |   |- [+] [ 15]
 |   |   |   |- Guid:808C675448654BF8A666AE99410CD603 BaseClass: NativeClass:/Script/Landscape.LandscapeStreamingProxy Name:LandscapeStreamingProxy_1TGKAKYW63O2ZZ0LIRK2AK9VB_126_2_3_0 Label:LandscapeStreamingProxy_2_3_0 SpatiallyLoaded:1 Bounds:IsValid=true, Min=(X=0.000 Y=12600.000 Z=100.781), Max=(X=12600.000 Y=25200.000 Z=1973.438) RuntimeGrid:None EditorOnly:0 RuntimeOnly:0 HLODRelevant:1 ListedInSceneOutliner:1 IsMainWorldOnly:0
 |   |   |- [+] [ 16]
 |   |   |   |- Guid:8A64CDD5431E5FC00F568FBED16C87EF BaseClass: NativeClass:/Script/Engine.ExponentialHeightFog Name:ExponentialHeightFog_UAID_CC96E50846055E2402_1872389057 Label:ExponentialHeightFog SpatiallyLoaded:0 Bounds:IsValid=true, Min=(X=471.501 Y=-10.329 Z=120.660), Max=(X=471.501 Y=-10.329 Z=120.660) RuntimeGrid:None EditorOnly:0 RuntimeOnly:0 HLODRelevant:0 ListedInSceneOutliner:1 IsMainWorldOnly:0
 |   |   |- [+] [ 17]
 |   |   |   |- Guid:9CBA57224A1052FB546AC1915C6E41B0 BaseClass: NativeClass:/Script/Engine.DirectionalLight Name:DirectionalLight_UAID_CC96E5084605562402_1810021648 Label:DirectionalLight2 SpatiallyLoaded:0 Bounds:Invalid RuntimeGrid:None EditorOnly:0 RuntimeOnly:0 HLODRelevant:0 ListedInSceneOutliner:1 IsMainWorldOnly:0
 |   |   |- [+] [ 18]
 |   |   |   |- Guid:ABEBED3E4ED9902011CBFE909933F0C2 BaseClass: NativeClass:/Script/Landscape.LandscapeStreamingProxy Name:LandscapeStreamingProxy_1TGKAKYW63O2ZZ0LIRK2AK9VB_126_2_2_0 Label:LandscapeStreamingProxy_2_2_0 SpatiallyLoaded:1 Bounds:IsValid=true, Min=(X=0.000 Y=0.000 Z=111.719), Max=(X=12600.000 Y=12600.000 Z=874.219) RuntimeGrid:None EditorOnly:0 RuntimeOnly:0 HLODRelevant:1 ListedInSceneOutliner:1 IsMainWorldOnly:0
 |   |   |- [+] [ 19]
 |   |   |   |- Guid:C1CC9CD9431BDAC5CE8A06A0303DB763 BaseClass: NativeClass:/Script/Engine.SkeletalMeshActor Name:SkeletalMeshActor_UAID_CC96E5084605362602_1097011127 Label:PA_Soldier_4 SpatiallyLoaded:1 Bounds:IsValid=true, Min=(X=192.043 Y=-58.541 Z=118.570), Max=(X=307.967 Y=-9.691 Z=301.264) RuntimeGrid:None EditorOnly:0 RuntimeOnly:0 HLODRelevant:0 ListedInSceneOutliner:1 IsMainWorldOnly:0
 |   |   |- [+] [ 20]
 |   |   |   |- Guid:C8CCC0CB4B747D4690E61998B3781699 BaseClass: NativeClass:/Script/Landscape.LandscapeStreamingProxy Name:LandscapeStreamingProxy_1TGKAKYW63O2ZZ0LIRK2AK9VB_126_2_1_0 Label:LandscapeStreamingProxy_2_1_0 SpatiallyLoaded:1 Bounds:IsValid=true, Min=(X=0.000 Y=-12600.000 Z=100.000), Max=(X=12600.000 Y=0.000 Z=897.656) RuntimeGrid:None EditorOnly:0 RuntimeOnly:0 HLODRelevant:1 ListedInSceneOutliner:1 IsMainWorldOnly:0
 |   |   |- [+] [ 21]
 |   |   |   |- Guid:D64AF45E4BE4096AE53DA8A4B672E8D6 BaseClass: NativeClass:/Script/Landscape.LandscapeStreamingProxy Name:LandscapeStreamingProxy_1TGKAKYW63O2ZZ0LIRK2AK9VB_126_1_3_0 Label:LandscapeStreamingProxy_1_3_0 SpatiallyLoaded:1 Bounds:IsValid=true, Min=(X=-12600.000 Y=12600.000 Z=100.781), Max=(X=0.000 Y=25200.000 Z=2321.094) RuntimeGrid:None EditorOnly:0 RuntimeOnly:0 HLODRelevant:1 ListedInSceneOutliner:1 IsMainWorldOnly:0
 |   |   |- [+] [ 22]
 |   |   |   |- Guid:F065F2F04C4001FCF6CE9883382F0BA9 BaseClass: NativeClass:/Script/Landscape.LandscapeStreamingProxy Name:LandscapeStreamingProxy_1TGKAKYW63O2ZZ0LIRK2AK9VB_126_0_2_0 Label:LandscapeStreamingProxy_0_2_0 SpatiallyLoaded:1 Bounds:IsValid=true, Min=(X=-25200.000 Y=0.000 Z=100.000), Max=(X=-12600.000 Y=12600.000 Z=1253.906) RuntimeGrid:None EditorOnly:0 RuntimeOnly:0 HLODRelevant:1 ListedInSceneOutliner:1 IsMainWorldOnly:0
 |   |   |- [+] [ 23]
 |   |   |   |- Guid:F75825B64EF9D8924D8EE5AA8522C223 BaseClass: NativeClass:/Script/Landscape.LandscapeStreamingProxy Name:LandscapeStreamingProxy_1TGKAKYW63O2ZZ0LIRK2AK9VB_126_0_0_0 Label:LandscapeStreamingProxy_0_0_0 SpatiallyLoaded:1 Bounds:IsValid=true, Min=(X=-25200.000 Y=-25200.000 Z=100.000), Max=(X=-12600.000 Y=-12600.000 Z=2602.344) RuntimeGrid:None EditorOnly:0 RuntimeOnly:0 HLODRelevant:1 ListedInSceneOutliner:1 IsMainWorldOnly:0
 |   |   |- [+] [ 24]
 |   |   |   |- Guid:F76DB1284CD268127A050FBAA68382DF BaseClass: NativeClass:/Script/Landscape.LandscapeStreamingProxy Name:LandscapeStreamingProxy_1TGKAKYW63O2ZZ0LIRK2AK9VB_126_3_3_0 Label:LandscapeStreamingProxy_3_3_0 SpatiallyLoaded:1 Bounds:IsValid=true, Min=(X=12600.000 Y=12600.000 Z=100.781), Max=(X=25200.000 Y=25200.000 Z=2507.031) RuntimeGrid:None EditorOnly:0 RuntimeOnly:0 HLODRelevant:1 ListedInSceneOutliner:1 IsMainWorldOnly:0
 |- ContainerInstances:
 |- [+] MainContainer:
 |   |-        ID: 00000000000000000000000000000000
 |   |-  ParentID: 00000000000000000000000000000000
 |   |-    Bounds: IsValid=true, Min=(X=-25200.000 Y=-25200.000 Z=-1052.386), Max=(X=25200.000 Y=25200.000 Z=4308.069)
 |   |- Transform: 0.000000,0.000000,0.000000|0.000000,0.000000,-0.000000|1.000000,1.000000,1.000000
 |   |- Container: /Game/Maps/ActualLevel
----------------------------------------------------------------------------------------------------------------
ActualLevel - Persistent Level
----------------------------------------------------------------------------------------------------------------
[+] Content of ActualLevel Persistent Level
 |- Always loaded Actor Count: 6 
 |- Actor Path: /Game/Maps/ActualLevel.ActualLevel:PersistentLevel.DirectionalLight_UAID_CC96E5084605562402_1806439647
 |- Actor Package: /Game/__ExternalActors__/Maps/ActualLevel/8/3I/733QTUPTN1U69VRWUGYXYV
 |- Actor Path: /Game/Maps/ActualLevel.ActualLevel:PersistentLevel.DirectionalLight_UAID_CC96E5084605562402_1810021648
 |- Actor Package: /Game/__ExternalActors__/Maps/ActualLevel/9/RB/AI3WDB4XIUF9KQ2PBQOSST
 |- Actor Path: /Game/Maps/ActualLevel.ActualLevel:PersistentLevel.ExponentialHeightFog_UAID_CC96E50846055E2402_1872389057
 |- Actor Package: /Game/__ExternalActors__/Maps/ActualLevel/7/5X/BAA97DCZGVBCAFJJOXHJ0O
 |- Actor Path: /Game/Maps/ActualLevel.ActualLevel:PersistentLevel.Landscape_UAID_CC96E5084605642402_1334266115
 |- Actor Package: /Game/__ExternalActors__/Maps/ActualLevel/2/MD/74H3JWB75KTL84SO6VI7EK
 |- Actor Path: /Game/Maps/ActualLevel.ActualLevel:PersistentLevel.SkyAtmosphere_UAID_CC96E5084605B42302_1533256136
 |- Actor Package: /Game/__ExternalActors__/Maps/ActualLevel/8/85/1U6UCXX5RU8A4HK3MZMHIF
 |- Actor Path: /Game/Maps/ActualLevel.ActualLevel:PersistentLevel.WorldDataLayers
 |- Actor Package: /Game/__ExternalActors__/Maps/ActualLevel/E/48/L482MGAB9K04MELRSR67J3

----------------------------------------------------------------------------------------------------------------
ActualLevel - Runtime Hash Set
----------------------------------------------------------------------------------------------------------------
[+] Content of Cell ActualLevel_MainPartition_-2_0_0_0 (07PDVEMQJ8YIF7KY2DDK0HLXA)
 |- Actor Count: 1
 |- [+] /Game/Maps/ActualLevel.ActualLevel:PersistentLevel.LandscapeStreamingProxy_1TGKAKYW63O2ZZ0LIRK2AK9VB_126_0_2_0
 |   |-         Package: /Game/__ExternalActors__/Maps/ActualLevel/9/53/YRCO6RBF8B9Q4DWL9DUVNZ
 |   |-     Editor Only: 0
 |   |-   Instance Guid: F065F2F04C4001FCF6CE9883382F0BA9
 |   |- [+] Container:
 |   |   |-        ID: 00000000000000000000000000000000
 |   |   |- Transform: 0.000000,0.000000,0.000000|0.000000,0.000000,-0.000000|1.000000,1.000000,1.000000
[+] Content of Cell ActualLevel_MainPartition_-2_-2_0_0 (32TUD3XWDKLOOWCRYFVAJ8CF3)
 |- Actor Count: 1
 |- [+] /Game/Maps/ActualLevel.ActualLevel:PersistentLevel.LandscapeStreamingProxy_1TGKAKYW63O2ZZ0LIRK2AK9VB_126_0_0_0
 |   |-         Package: /Game/__ExternalActors__/Maps/ActualLevel/E/NT/1KIVM866F0UT1295SO9HRJ
 |   |-     Editor Only: 0
 |   |-   Instance Guid: F75825B64EF9D8924D8EE5AA8522C223
 |   |- [+] Container:
 |   |   |-        ID: 00000000000000000000000000000000
 |   |   |- Transform: 0.000000,0.000000,0.000000|0.000000,0.000000,-0.000000|1.000000,1.000000,1.000000
[+] Content of Cell ActualLevel_MainPartition_1_0_0_0 (35AGK4N5GN1RSIWVM9OXSCI8F)
 |- Actor Count: 1
 |- [+] /Game/Maps/ActualLevel.ActualLevel:PersistentLevel.LandscapeStreamingProxy_1TGKAKYW63O2ZZ0LIRK2AK9VB_126_3_2_0
 |   |-         Package: /Game/__ExternalActors__/Maps/ActualLevel/C/QY/TCIT07Q1V21E24O1V3HR9G
 |   |-     Editor Only: 0
 |   |-   Instance Guid: 6DC148EB49DCE45F67147897843B45DC
 |   |- [+] Container:
 |   |   |-        ID: 00000000000000000000000000000000
 |   |   |- Transform: 0.000000,0.000000,0.000000|0.000000,0.000000,-0.000000|1.000000,1.000000,1.000000
[+] Content of Cell ActualLevel_MainPartition_-2_-1_0_0 (55YYD8CXRXXRE4SQVP3XH00U5)
 |- Actor Count: 1
 |- [+] /Game/Maps/ActualLevel.ActualLevel:PersistentLevel.LandscapeStreamingProxy_1TGKAKYW63O2ZZ0LIRK2AK9VB_126_0_1_0
 |   |-         Package: /Game/__ExternalActors__/Maps/ActualLevel/B/IO/7NDCNA1T4TD4I204MTCEEC
 |   |-     Editor Only: 0
 |   |-   Instance Guid: 8017BD414AF7A5BA30EEB9815088E703
 |   |- [+] Container:
 |   |   |-        ID: 00000000000000000000000000000000
 |   |   |- Transform: 0.000000,0.000000,0.000000|0.000000,0.000000,-0.000000|1.000000,1.000000,1.000000
[+] Content of Cell ActualLevel_MainPartition_-1_-2_0_0 (61KHC6VKGM1GEOSA8BYXDA583)
 |- Actor Count: 1
 |- [+] /Game/Maps/ActualLevel.ActualLevel:PersistentLevel.LandscapeStreamingProxy_1TGKAKYW63O2ZZ0LIRK2AK9VB_126_1_0_0
 |   |-         Package: /Game/__ExternalActors__/Maps/ActualLevel/4/TV/ALDM9OT2NR5H1CWBY9K6OO
 |   |-     Editor Only: 0
 |   |-   Instance Guid: 28512B0940FE8C0B2756F6A0C0B9247C
 |   |- [+] Container:
 |   |   |-        ID: 00000000000000000000000000000000
 |   |   |- Transform: 0.000000,0.000000,0.000000|0.000000,0.000000,-0.000000|1.000000,1.000000,1.000000
[+] Content of Cell ActualLevel_MainPartition_-1_-1_0_0 (625JWVZZFCY477RV665UC242U)
 |- Actor Count: 2
 |- [+] /Game/Maps/ActualLevel.ActualLevel:PersistentLevel.LevelInstance_UAID_CC96E5084605382602_1151208482
 |   |-         Package: /Game/__ExternalActors__/Maps/ActualLevel/4/UY/U982V46Q194UB2WQYNEPQ3
 |   |-     Editor Only: 0
 |   |-   Instance Guid: 27F2571B4EAAB5D53C54809FD01B46F3
 |   |- [+] Container:
 |   |   |-        ID: 00000000000000000000000000000000
 |   |   |- Transform: 0.000000,0.000000,0.000000|0.000000,0.000000,-0.000000|1.000000,1.000000,1.000000
 |- [+] /Game/Maps/ActualLevel.ActualLevel:PersistentLevel.LandscapeStreamingProxy_1TGKAKYW63O2ZZ0LIRK2AK9VB_126_1_1_0
 |   |-         Package: /Game/__ExternalActors__/Maps/ActualLevel/E/MN/AOUXHT4HHKUUT2LGVSC27Y
 |   |-     Editor Only: 0
 |   |-   Instance Guid: 74DADDE047F04539DA1593A66E708FC7
 |   |- [+] Container:
 |   |   |-        ID: 00000000000000000000000000000000
 |   |   |- Transform: 0.000000,0.000000,0.000000|0.000000,0.000000,-0.000000|1.000000,1.000000,1.000000
[+] Content of Cell ActualLevel_MainPartition_0_0_0_0 (64CBDAFMRYH4EXFR5MSSTYC2L)
 |- Actor Count: 1
 |- [+] /Game/Maps/ActualLevel.ActualLevel:PersistentLevel.LandscapeStreamingProxy_1TGKAKYW63O2ZZ0LIRK2AK9VB_126_2_2_0
 |   |-         Package: /Game/__ExternalActors__/Maps/ActualLevel/3/8O/PJC71WTGFIMMY8TCPH2AXU
 |   |-     Editor Only: 0
 |   |-   Instance Guid: ABEBED3E4ED9902011CBFE909933F0C2
 |   |- [+] Container:
 |   |   |-        ID: 00000000000000000000000000000000
 |   |   |- Transform: 0.000000,0.000000,0.000000|0.000000,0.000000,-0.000000|1.000000,1.000000,1.000000
[+] Content of Cell ActualLevel_MainPartition_0_1_0_0 (83QVJ97H0IV0BZLYUWPW75NVI)
 |- Actor Count: 1
 |- [+] /Game/Maps/ActualLevel.ActualLevel:PersistentLevel.LandscapeStreamingProxy_1TGKAKYW63O2ZZ0LIRK2AK9VB_126_2_3_0
 |   |-         Package: /Game/__ExternalActors__/Maps/ActualLevel/C/3F/QN4PPD17213MNNJOWPNYYI
 |   |-     Editor Only: 0
 |   |-   Instance Guid: 808C675448654BF8A666AE99410CD603
 |   |- [+] Container:
 |   |   |-        ID: 00000000000000000000000000000000
 |   |   |- Transform: 0.000000,0.000000,0.000000|0.000000,0.000000,-0.000000|1.000000,1.000000,1.000000
[+] Content of Cell ActualLevel_MainPartition_1_-1_0_0 (8N6IE9SERR05R8421ZYDG56H6)
 |- Actor Count: 1
 |- [+] /Game/Maps/ActualLevel.ActualLevel:PersistentLevel.LandscapeStreamingProxy_1TGKAKYW63O2ZZ0LIRK2AK9VB_126_3_1_0
 |   |-         Package: /Game/__ExternalActors__/Maps/ActualLevel/1/IC/XVBBKPXUGDN9YH8N06ULYH
 |   |-     Editor Only: 0
 |   |-   Instance Guid: 131739C846697F0209BEA2B10E5FF734
 |   |- [+] Container:
 |   |   |-        ID: 00000000000000000000000000000000
 |   |   |- Transform: 0.000000,0.000000,0.000000|0.000000,0.000000,-0.000000|1.000000,1.000000,1.000000
[+] Content of Cell ActualLevel_MainPartition_-2_1_0_0 (95LEVIEJ5QOVV2FG6P9FK3RFR)
 |- Actor Count: 1
 |- [+] /Game/Maps/ActualLevel.ActualLevel:PersistentLevel.LandscapeStreamingProxy_1TGKAKYW63O2ZZ0LIRK2AK9VB_126_0_3_0
 |   |-         Package: /Game/__ExternalActors__/Maps/ActualLevel/8/7X/Z9M77CCOQBIBWSBCWD5S91
 |   |-     Editor Only: 0
 |   |-   Instance Guid: 220672564610D6CC247635957409C0A4
 |   |- [+] Container:
 |   |   |-        ID: 00000000000000000000000000000000
 |   |   |- Transform: 0.000000,0.000000,0.000000|0.000000,0.000000,-0.000000|1.000000,1.000000,1.000000
[+] Content of Cell ActualLevel_MainPartition_1_1_0_0 (AQBHCL0QEBTB8RPDBZMXGJEZ5)
 |- Actor Count: 1
 |- [+] /Game/Maps/ActualLevel.ActualLevel:PersistentLevel.LandscapeStreamingProxy_1TGKAKYW63O2ZZ0LIRK2AK9VB_126_3_3_0
 |   |-         Package: /Game/__ExternalActors__/Maps/ActualLevel/9/7I/LY9XC688L2Y05PIVUAAS6Z
 |   |-     Editor Only: 0
 |   |-   Instance Guid: F76DB1284CD268127A050FBAA68382DF
 |   |- [+] Container:
 |   |   |-        ID: 00000000000000000000000000000000
 |   |   |- Transform: 0.000000,0.000000,0.000000|0.000000,0.000000,-0.000000|1.000000,1.000000,1.000000
[+] Content of Cell ActualLevel_MainPartition_0_-1_0_0 (BWPUECOISRFP79BHESKC086C1)
 |- Actor Count: 3
 |- [+] /Game/Maps/ActualLevel.ActualLevel:PersistentLevel.StaticMeshActor_UAID_CC96E5084605362602_1124933128
 |   |-         Package: /Game/__ExternalActors__/Maps/ActualLevel/7/QN/KNXRIGM8H6C0QR8DBQBN88
 |   |-     Editor Only: 0
 |   |-   Instance Guid: 28DE7A8E403409FDA977C4AFFCC12915
 |   |- [+] Container:
 |   |   |-        ID: 00000000000000000000000000000000
 |   |   |- Transform: 0.000000,0.000000,0.000000|0.000000,0.000000,-0.000000|1.000000,1.000000,1.000000
 |- [+] /Game/Maps/ActualLevel.ActualLevel:PersistentLevel.SkeletalMeshActor_UAID_CC96E5084605362602_1097011127
 |   |-         Package: /Game/__ExternalActors__/Maps/ActualLevel/0/R7/JZKM92T42C0634IWBMYIO2
 |   |-     Editor Only: 0
 |   |-   Instance Guid: C1CC9CD9431BDAC5CE8A06A0303DB763
 |   |- [+] Container:
 |   |   |-        ID: 00000000000000000000000000000000
 |   |   |- Transform: 0.000000,0.000000,0.000000|0.000000,0.000000,-0.000000|1.000000,1.000000,1.000000
 |- [+] /Game/Maps/ActualLevel.ActualLevel:PersistentLevel.LandscapeStreamingProxy_1TGKAKYW63O2ZZ0LIRK2AK9VB_126_2_1_0
 |   |-         Package: /Game/__ExternalActors__/Maps/ActualLevel/0/L6/5BJLG8EZ93WEO9PF9ZE0AH
 |   |-     Editor Only: 0
 |   |-   Instance Guid: C8CCC0CB4B747D4690E61998B3781699
 |   |- [+] Container:
 |   |   |-        ID: 00000000000000000000000000000000
 |   |   |- Transform: 0.000000,0.000000,0.000000|0.000000,0.000000,-0.000000|1.000000,1.000000,1.000000
[+] Content of Cell ActualLevel_MainPartition_-1_0_0_0 (DCU5U220DWT0ZWG3YDV41YHLT)
 |- Actor Count: 1
 |- [+] /Game/Maps/ActualLevel.ActualLevel:PersistentLevel.LandscapeStreamingProxy_1TGKAKYW63O2ZZ0LIRK2AK9VB_126_1_2_0
 |   |-         Package: /Game/__ExternalActors__/Maps/ActualLevel/E/2E/EQICI2Q11ZG78FYBTEHWPZ
 |   |-     Editor Only: 0
 |   |-   Instance Guid: 2DB058C743288B7A6B832FA74A182810
 |   |- [+] Container:
 |   |   |-        ID: 00000000000000000000000000000000
 |   |   |- Transform: 0.000000,0.000000,0.000000|0.000000,0.000000,-0.000000|1.000000,1.000000,1.000000
[+] Content of Cell ActualLevel_MainPartition_0_-2_0_0 (DRHYGC403NXR9FX4UGLZCPWP6)
 |- Actor Count: 1
 |- [+] /Game/Maps/ActualLevel.ActualLevel:PersistentLevel.LandscapeStreamingProxy_1TGKAKYW63O2ZZ0LIRK2AK9VB_126_2_0_0
 |   |-         Package: /Game/__ExternalActors__/Maps/ActualLevel/3/LD/KUKLIH2VUKZ7D33BVYI8GJ
 |   |-     Editor Only: 0
 |   |-   Instance Guid: 63DAEEC045651C36A21E01B2A5FD5B29
 |   |- [+] Container:
 |   |   |-        ID: 00000000000000000000000000000000
 |   |   |- Transform: 0.000000,0.000000,0.000000|0.000000,0.000000,-0.000000|1.000000,1.000000,1.000000
[+] Content of Cell ActualLevel_MainPartition_-1_1_0_0 (E1QMMGCGVWHI8D2LHLQN3GBX0)
 |- Actor Count: 1
 |- [+] /Game/Maps/ActualLevel.ActualLevel:PersistentLevel.LandscapeStreamingProxy_1TGKAKYW63O2ZZ0LIRK2AK9VB_126_1_3_0
 |   |-         Package: /Game/__ExternalActors__/Maps/ActualLevel/2/K3/GB04P49NGI0JG44DK5OJEA
 |   |-     Editor Only: 0
 |   |-   Instance Guid: D64AF45E4BE4096AE53DA8A4B672E8D6
 |   |- [+] Container:
 |   |   |-        ID: 00000000000000000000000000000000
 |   |   |- Transform: 0.000000,0.000000,0.000000|0.000000,0.000000,-0.000000|1.000000,1.000000,1.000000
[+] Content of Cell ActualLevel_MainPartition_1_-2_0_0 (EUT3KCQSQ5LV63ZWTN4618RSY)
 |- Actor Count: 1
 |- [+] /Game/Maps/ActualLevel.ActualLevel:PersistentLevel.LandscapeStreamingProxy_1TGKAKYW63O2ZZ0LIRK2AK9VB_126_3_0_0
 |   |-         Package: /Game/__ExternalActors__/Maps/ActualLevel/A/EG/0U2U2ABCAO6VFP2MCFI8J8
 |   |-     Editor Only: 0
 |   |-   Instance Guid: 34E3AB4949658BEE16B10EB4E51D9A5A
 |   |- [+] Container:
 |   |   |-        ID: 00000000000000000000000000000000
 |   |   |- Transform: 0.000000,0.000000,0.000000|0.000000,0.000000,-0.000000|1.000000,1.000000,1.000000

